{
  "stats": {
    "suites": 0,
    "tests": 1,
    "passes": 1,
    "pending": 0,
    "failures": 0,
    "start": "2022-10-28T23:43:24.927Z",
    "end": "2022-10-28T23:43:27.222Z",
    "duration": 2295,
    "testsRegistered": 1,
    "passPercent": 100,
    "pendingPercent": 0,
    "other": 0,
    "hasOther": false,
    "skipped": 0,
    "hasSkipped": false
  },
  "results": [
    {
      "uuid": "8df17ac8-f0fc-4dc6-8a1c-e3a7fc6291cd",
      "title": "",
      "fullFile": "cypress/integration/Login.js",
      "file": "cypress/integration/Login.js",
      "beforeHooks": [],
      "afterHooks": [],
      "tests": [
        {
          "title": "My first Test",
          "fullTitle": "My first Test",
          "timedOut": null,
          "duration": 712,
          "state": "passed",
          "speed": "fast",
          "pass": true,
          "fail": false,
          "pending": false,
          "context": null,
          "code": "cy.log('First test starts');\ncy.visit('https://trytestingthis.netlify.app/');\ncy.get('#uname').type('test');\ncy.get('#pwd').type('test');\ncy.get('[type=\"submit\"]').click();\ncy.log('Login First Test ends');",
          "err": {},
          "uuid": "2a11c860-db17-4d15-9a26-afac52483abb",
          "parentUUID": "8df17ac8-f0fc-4dc6-8a1c-e3a7fc6291cd",
          "isHook": false,
          "skipped": false
        }
      ],
      "suites": [],
      "passes": [
        "2a11c860-db17-4d15-9a26-afac52483abb"
      ],
      "failures": [],
      "pending": [],
      "skipped": [],
      "duration": 712,
      "root": true,
      "rootEmpty": false,
      "_timeout": 2000
    }
  ],
  "meta": {
    "mocha": {
      "version": "7.0.1"
    },
    "mochawesome": {
      "options": {
        "quiet": false,
        "reportFilename": "mochawesome",
        "saveHtml": false,
        "saveJson": true,
        "consoleReporter": "spec",
        "useInlineDiffs": false,
        "code": true
      },
      "version": "7.1.3"
    },
    "marge": {
      "options": {
        "charts": true,
        "overwrite": false,
        "html": false,
        "json": true,
        "reportDir": "cypress/reports/"
      },
      "version": "6.2.0"
    }
  }
}