{
  "stats": {
    "suites": 0,
    "tests": 2,
    "passes": 2,
    "pending": 0,
    "failures": 0,
    "start": "2022-10-28T23:43:13.271Z",
    "end": "2022-10-28T23:43:21.481Z",
    "duration": 8210,
    "testsRegistered": 2,
    "passPercent": 100,
    "pendingPercent": 0,
    "other": 0,
    "hasOther": false,
    "skipped": 0,
    "hasSkipped": false
  },
  "results": [
    {
      "uuid": "574729a6-5aa4-4865-b604-8e48c8b6c7b8",
      "title": "",
      "fullFile": "cypress/integration/GoogleSearch.js",
      "file": "cypress/integration/GoogleSearch.js",
      "beforeHooks": [],
      "afterHooks": [],
      "tests": [
        {
          "title": "should be the first Google search Test",
          "fullTitle": "should be the first Google search Test",
          "timedOut": null,
          "duration": 3022,
          "state": "passed",
          "speed": "fast",
          "pass": true,
          "fail": false,
          "pending": false,
          "context": null,
          "code": "cy.log('Google first Test starts');\ncy.visit('https://google.com');\ncy.get('#L2AGLb > .QS5gu').click({\n  force: true\n});\ncy.get('.gLFyf').type('cypress{Enter}');\ncy.log('Google first Test ends');",
          "err": {},
          "uuid": "e74cbe3a-02c7-4e23-beb6-083dc1442ce3",
          "parentUUID": "574729a6-5aa4-4865-b604-8e48c8b6c7b8",
          "isHook": false,
          "skipped": false
        },
        {
          "title": "should be the second Google search Test",
          "fullTitle": "should be the second Google search Test",
          "timedOut": null,
          "duration": 3343,
          "state": "passed",
          "speed": "fast",
          "pass": true,
          "fail": false,
          "pending": false,
          "context": null,
          "code": "cy.log('Google second Test starts');\ncy.visit('https://google.com');\ncy.get('#L2AGLb > .QS5gu').click();\ncy.get('.gLFyf').type('cypress automation{Enter}');\ncy.log('Google second Test ends');",
          "err": {},
          "uuid": "a9f7ceb1-7f5c-4447-813d-53752aed7e14",
          "parentUUID": "574729a6-5aa4-4865-b604-8e48c8b6c7b8",
          "isHook": false,
          "skipped": false
        }
      ],
      "suites": [],
      "passes": [
        "e74cbe3a-02c7-4e23-beb6-083dc1442ce3",
        "a9f7ceb1-7f5c-4447-813d-53752aed7e14"
      ],
      "failures": [],
      "pending": [],
      "skipped": [],
      "duration": 6365,
      "root": true,
      "rootEmpty": false,
      "_timeout": 2000
    }
  ],
  "meta": {
    "mocha": {
      "version": "7.0.1"
    },
    "mochawesome": {
      "options": {
        "quiet": false,
        "reportFilename": "mochawesome",
        "saveHtml": false,
        "saveJson": true,
        "consoleReporter": "spec",
        "useInlineDiffs": false,
        "code": true
      },
      "version": "7.1.3"
    },
    "marge": {
      "options": {
        "charts": true,
        "overwrite": false,
        "html": false,
        "json": true,
        "reportDir": "cypress/reports/"
      },
      "version": "6.2.0"
    }
  }
}